\BOOKMARK [0][-]{dummy.1}{\376\377\000D\000e\000c\000l\000a\000r\000a\000t\000i\000o\000n\000\040\000o\000f\000\040\000A\000u\000t\000h\000o\000r\000s\000h\000i\000p}{}% 1
\BOOKMARK [0][-]{dummy.2}{\376\377\000A\000b\000s\000t\000r\000a\000c\000t}{}% 2
\BOOKMARK [0][-]{dummy.3}{\376\377\000A\000c\000k\000n\000o\000w\000l\000e\000d\000g\000e\000m\000e\000n\000t\000s}{}% 3
\BOOKMARK [0][-]{dummy.4}{\376\377\000C\000o\000n\000t\000e\000n\000t\000s}{}% 4
\BOOKMARK [0][-]{dummy.6}{\376\377\000L\000i\000s\000t\000\040\000o\000f\000\040\000F\000i\000g\000u\000r\000e\000s}{}% 5
\BOOKMARK [0][-]{chapter.8}{\376\377\0001\000\040\000I\000n\000t\000r\000o\000d\000u\000c\000t\000i\000o\000n}{}% 6
\BOOKMARK [0][-]{chapter.10}{\376\377\0002\000\040\000L\000-\000B\000F\000G\000S\000-\000B}{}% 7
\BOOKMARK [1][-]{section.11}{\376\377\0002\000.\0001\000\040\000B\000F\000G\000S}{chapter.10}% 8
\BOOKMARK [1][-]{section.14}{\376\377\0002\000.\0002\000\040\000L\000-\000B\000F\000G\000S}{chapter.10}% 9
\BOOKMARK [1][-]{section.16}{\376\377\0002\000.\0003\000\040\000L\000-\000B\000F\000G\000S\000-\000B}{chapter.10}% 10
\BOOKMARK [2][-]{subsection.17}{\376\377\0002\000.\0003\000.\0001\000\040\000G\000r\000a\000d\000i\000e\000n\000t\000\040\000P\000r\000o\000j\000e\000c\000t\000i\000o\000n}{section.16}% 11
\BOOKMARK [2][-]{subsection.21}{\376\377\0002\000.\0003\000.\0002\000\040\000S\000u\000b\000s\000p\000a\000c\000e\000\040\000M\000i\000n\000i\000m\000i\000z\000a\000t\000i\000o\000n}{section.16}% 12
\BOOKMARK [0][-]{chapter.23}{\376\377\0003\000\040\000M\000o\000d\000i\000f\000i\000c\000a\000t\000i\000o\000n\000s\000\040\000t\000o\000\040\000t\000h\000e\000\040\000L\000-\000B\000F\000G\000S\000-\000B\000\040\000A\000l\000g\000o\000r\000i\000t\000h\000m}{}% 13
\BOOKMARK [1][-]{section.24}{\376\377\0003\000.\0001\000\040\000T\000h\000e\000\040\000A\000r\000m\000i\000j\000o\000\040\000a\000n\000d\000\040\000W\000o\000l\000f\000e\000\040\000c\000o\000n\000d\000i\000t\000i\000o\000n\000s}{chapter.23}% 14
\BOOKMARK [1][-]{section.30}{\376\377\0003\000.\0002\000\040\000T\000h\000e\000\040\000L\000i\000n\000e\000\040\000S\000e\000a\000r\000c\000h\000\040\000M\000e\000t\000h\000o\000d\000o\000l\000o\000g\000y}{chapter.23}% 15
\BOOKMARK [1][-]{section.31}{\376\377\0003\000.\0003\000\040\000T\000h\000e\000\040\000T\000e\000r\000m\000i\000n\000a\000t\000i\000o\000n\000\040\000C\000o\000n\000d\000i\000t\000i\000o\000n}{chapter.23}% 16
\BOOKMARK [2][-]{subsection.32}{\376\377\0003\000.\0003\000.\0001\000\040\000T\000e\000r\000m\000i\000n\000a\000t\000i\000o\000n\000\040\000C\000o\000n\000d\000i\000t\000i\000o\000n\000\040\000S\000u\000b\000-\000a\000l\000g\000o\000r\000i\000t\000h\000m}{section.31}% 17
\BOOKMARK [2][-]{subsection.34}{\376\377\0003\000.\0003\000.\0002\000\040\000T\000h\000e\000\040\000S\000o\000l\000u\000t\000i\000o\000n\000\040\000o\000f\000\040\000t\000h\000e\000\040\000Q\000u\000a\000d\000r\000a\000t\000i\000c\000\040\000P\000r\000o\000g\000r\000a\000m}{section.31}% 18
\BOOKMARK [0][-]{chapter.35}{\376\377\0004\000\040\000S\000o\000l\000u\000t\000i\000o\000n\000\040\000T\000e\000s\000t\000s}{}% 19
\BOOKMARK [1][-]{section.38}{\376\377\0004\000.\0001\000\040\000E\000x\000i\000t\000\040\000M\000e\000s\000s\000a\000g\000e\000s}{chapter.35}% 20
\BOOKMARK [1][-]{section.40}{\376\377\0004\000.\0002\000\040\000M\000o\000d\000i\000f\000i\000e\000d\000\040\000R\000o\000s\000e\000n\000b\000r\000o\000c\000k\000\040\000F\000u\000n\000c\000t\000i\000o\000n}{chapter.35}% 21
\BOOKMARK [2][-]{subsection.48}{\376\377\0004\000.\0002\000.\0001\000\040\000P\000e\000r\000f\000o\000r\000m\000a\000n\000c\000e\000\040\000o\000f\000\040\000L\000-\000B\000F\000G\000S\000-\000B}{section.40}% 22
\BOOKMARK [2][-]{subsection.51}{\376\377\0004\000.\0002\000.\0002\000\040\000P\000e\000r\000f\000o\000r\000m\000a\000n\000c\000e\000\040\000o\000f\000\040\000L\000-\000B\000F\000G\000S\000-\000B\000-\000N\000S}{section.40}% 23
\BOOKMARK [0][-]{chapter.55}{\376\377\0005\000\040\000C\000o\000n\000c\000l\000u\000s\000i\000o\000n\000s}{}% 24
